<?xml version="1.0" encoding="UTF-8"?>
<!-- Generated by org.testng.reporters.JUnitReportReporter -->
<testsuite hostname="DESKTOP-1I2RTCU" failures="0" tests="2" name="NewFramework.Demoo.CourseloginTest" time="33.515" errors="0" timestamp="2020-11-05T11:26:16 IST" skipped="0">
  <testcase classname="NewFramework.Demoo.CourseloginTest" name="test" time="8.139"/>
  <system-out/>
  <testcase classname="NewFramework.Demoo.CourseloginTest" name="test" time="25.376"/>
  <system-out/>
</testsuite> <!-- NewFramework.Demoo.CourseloginTest -->
