<?xml version="1.0" encoding="UTF-8"?>
<!-- Generated by org.testng.reporters.JUnitReportReporter -->
<testsuite hostname="DESKTOP-1I2RTCU" failures="0" tests="1" name="NewFramework.Demoo.PracticesTest" time="44.486" errors="0" timestamp="2020-11-05T11:45:56 IST" skipped="0">
  <testcase classname="NewFramework.Demoo.PracticesTest" name="attest" time="44.486"/>
  <system-out/>
</testsuite> <!-- NewFramework.Demoo.PracticesTest -->
